[    0.000000] Linux version 4.15.0-48-generic (buildd@lgw01-amd64-036) (gcc version 7.3.0 (Ubuntu 7.3.0-16ubuntu3)) #51-Ubuntu SMP Wed Apr 3 08:28:49 UTC 2019 (Ubuntu 4.15.0-48.51-generic 4.15.18)
[    0.000000] Command line: BOOT_IMAGE=/boot/vmlinuz-4.15.0-48-generic root=LABEL=cloudimg-rootfs ro console=tty1 console=ttyS0
[    0.000000] KERNEL supported cpus:
[    0.000000]   Intel GenuineIntel
[    0.000000]   AMD AuthenticAMD
[    0.000000]   Centaur CentaurHauls
[    0.000000] x86/fpu: Supporting XSAVE feature 0x001: 'x87 floating point registers'
[    0.000000] x86/fpu: Supporting XSAVE feature 0x002: 'SSE registers'
[    0.000000] x86/fpu: Supporting XSAVE feature 0x004: 'AVX registers'
[    0.000000] x86/fpu: xstate_offset[2]:  576, xstate_sizes[2]:  256
[    0.000000] x86/fpu: Enabled xstate features 0x7, context size is 832 bytes, using 'standard' format.
[    0.000000] e820: BIOS-provided physical RAM map:
[    0.000000] BIOS-e820: [mem 0x0000000000000000-0x000000000009fbff] usable
[    0.000000] BIOS-e820: [mem 0x000000000009fc00-0x000000000009ffff] reserved
[    0.000000] BIOS-e820: [mem 0x00000000000f0000-0x00000000000fffff] reserved
[    0.000000] BIOS-e820: [mem 0x0000000000100000-0x000000003ffeffff] usable
[    0.000000] BIOS-e820: [mem 0x000000003fff0000-0x000000003fffffff] ACPI data
[    0.000000] BIOS-e820: [mem 0x00000000fec00000-0x00000000fec00fff] reserved
[    0.000000] BIOS-e820: [mem 0x00000000fee00000-0x00000000fee00fff] reserved
[    0.000000] BIOS-e820: [mem 0x00000000fffc0000-0x00000000ffffffff] reserved
[    0.000000] NX (Execute Disable) protection: active
[    0.000000] SMBIOS 2.5 present.
[    0.000000] DMI: innotek GmbH VirtualBox/VirtualBox, BIOS VirtualBox 12/01/2006
[    0.000000] Hypervisor detected: KVM
[    0.000000] e820: last_pfn = 0x3fff0 max_arch_pfn = 0x400000000
[    0.000000] MTRR: Disabled
[    0.000000] x86/PAT: MTRRs disabled, skipping PAT initialization too.
[    0.000000] CPU MTRRs all blank - virtualized system.
[    0.000000] x86/PAT: Configuration [0-7]: WB  WT  UC- UC  WB  WT  UC- UC  
[    0.000000] found SMP MP-table at [mem 0x0009fff0-0x0009ffff] mapped at [        (ptrval)]
[    0.000000] Scanning 1 areas for low memory corruption
[    0.000000] RAMDISK: [mem 0x35adf000-0x36d66fff]
[    0.000000] ACPI: Early table checksum verification disabled
[    0.000000] ACPI: RSDP 0x00000000000E0000 000024 (v02 VBOX  )
[    0.000000] ACPI: XSDT 0x000000003FFF0030 00003C (v01 VBOX   VBOXXSDT 00000001 ASL  00000061)
[    0.000000] ACPI: FACP 0x000000003FFF00F0 0000F4 (v04 VBOX   VBOXFACP 00000001 ASL  00000061)
[    0.000000] ACPI: DSDT 0x000000003FFF0470 0022EA (v02 VBOX   VBOXBIOS 00000002 INTL 20100528)
[    0.000000] ACPI: FACS 0x000000003FFF0200 000040
[    0.000000] ACPI: FACS 0x000000003FFF0200 000040
[    0.000000] ACPI: APIC 0x000000003FFF0240 00005C (v02 VBOX   VBOXAPIC 00000001 ASL  00000061)
[    0.000000] ACPI: SSDT 0x000000003FFF02A0 0001CC (v01 VBOX   VBOXCPUT 00000002 INTL 20100528)
[    0.000000] No NUMA configuration found
[    0.000000] Faking a node at [mem 0x0000000000000000-0x000000003ffeffff]
[    0.000000] NODE_DATA(0) allocated [mem 0x3ffc5000-0x3ffeffff]
[    0.000000] kvm-clock: cpu 0, msr 0:3ff44001, primary cpu clock
[    0.000000] kvm-clock: Using msrs 4b564d01 and 4b564d00
[    0.000000] kvm-clock: using sched offset of 3233317098 cycles
[    0.000000] clocksource: kvm-clock: mask: 0xffffffffffffffff max_cycles: 0x1cd42e4dffb, max_idle_ns: 881590591483 ns
[    0.000000] Zone ranges:
[    0.000000]   DMA      [mem 0x0000000000001000-0x0000000000ffffff]
[    0.000000]   DMA32    [mem 0x0000000001000000-0x000000003ffeffff]
[    0.000000]   Normal   empty
[    0.000000]   Device   empty
[    0.000000] Movable zone start for each node
[    0.000000] Early memory node ranges
[    0.000000]   node   0: [mem 0x0000000000001000-0x000000000009efff]
[    0.000000]   node   0: [mem 0x0000000000100000-0x000000003ffeffff]
[    0.000000] Reserved but unavailable: 114 pages
[    0.000000] Initmem setup node 0 [mem 0x0000000000001000-0x000000003ffeffff]
[    0.000000] ACPI: PM-Timer IO Port: 0x4008
[    0.000000] IOAPIC[0]: apic_id 2, version 32, address 0xfec00000, GSI 0-23
[    0.000000] ACPI: INT_SRC_OVR (bus 0 bus_irq 0 global_irq 2 dfl dfl)
[    0.000000] ACPI: INT_SRC_OVR (bus 0 bus_irq 9 global_irq 9 low level)
[    0.000000] Using ACPI (MADT) for SMP configuration information
[    0.000000] smpboot: Allowing 2 CPUs, 0 hotplug CPUs
[    0.000000] PM: Registered nosave memory: [mem 0x00000000-0x00000fff]
[    0.000000] PM: Registered nosave memory: [mem 0x0009f000-0x0009ffff]
[    0.000000] PM: Registered nosave memory: [mem 0x000a0000-0x000effff]
[    0.000000] PM: Registered nosave memory: [mem 0x000f0000-0x000fffff]
[    0.000000] e820: [mem 0x40000000-0xfebfffff] available for PCI devices
[    0.000000] Booting paravirtualized kernel on KVM
[    0.000000] clocksource: refined-jiffies: mask: 0xffffffff max_cycles: 0xffffffff, max_idle_ns: 7645519600211568 ns
[    0.000000] random: get_random_bytes called from start_kernel+0x99/0x4fd with crng_init=0
[    0.000000] setup_percpu: NR_CPUS:8192 nr_cpumask_bits:2 nr_cpu_ids:2 nr_node_ids:1
[    0.000000] percpu: Embedded 46 pages/cpu @        (ptrval) s151552 r8192 d28672 u1048576
[    0.000000] PV qspinlock hash table entries: 256 (order: 0, 4096 bytes)
[    0.000000] Built 1 zonelists, mobility grouping on.  Total pages: 257913
[    0.000000] Policy zone: DMA32
[    0.000000] Kernel command line: BOOT_IMAGE=/boot/vmlinuz-4.15.0-48-generic root=LABEL=cloudimg-rootfs ro console=tty1 console=ttyS0
[    0.000000] Memory: 983608K/1048120K available (12300K kernel code, 2473K rwdata, 4276K rodata, 2408K init, 2416K bss, 64512K reserved, 0K cma-reserved)
[    0.000000] SLUB: HWalign=64, Order=0-3, MinObjects=0, CPUs=2, Nodes=1
[    0.000000] Kernel/User page tables isolation: enabled
[    0.000000] ftrace: allocating 39226 entries in 154 pages
[    0.004000] Hierarchical RCU implementation.
[    0.004000] 	RCU restricting CPUs from NR_CPUS=8192 to nr_cpu_ids=2.
[    0.004000] 	Tasks RCU enabled.
[    0.004000] RCU: Adjusting geometry for rcu_fanout_leaf=16, nr_cpu_ids=2
[    0.004000] NR_IRQS: 524544, nr_irqs: 440, preallocated irqs: 16
[    0.004000] Console: colour VGA+ 80x25
[    0.004000] console [tty1] enabled
[    0.004000] console [ttyS0] enabled
[    0.004000] ACPI: Core revision 20170831
[    0.004000] ACPI: 2 ACPI AML tables successfully acquired and loaded
[    0.004000] APIC: Switch to symmetric I/O mode setup
[    0.004000] x2apic enabled
[    0.004000] Switched APIC routing to physical x2apic.
[    0.004000] ..TIMER: vector=0x30 apic1=0 pin1=2 apic2=-1 pin2=-1
[    0.004000] tsc: Detected 2111.996 MHz processor
[    0.004006] Calibrating delay loop (skipped) preset value.. 4223.99 BogoMIPS (lpj=8447984)
[    0.005113] pid_max: default: 32768 minimum: 301
[    0.005781] Security Framework initialized
[    0.006402] Yama: becoming mindful.
[    0.006978] AppArmor: AppArmor initialized
[    0.008000] Dentry cache hash table entries: 131072 (order: 8, 1048576 bytes)
[    0.008034] Inode-cache hash table entries: 65536 (order: 7, 524288 bytes)
[    0.012012] Mount-cache hash table entries: 2048 (order: 2, 16384 bytes)
[    0.013957] Mountpoint-cache hash table entries: 2048 (order: 2, 16384 bytes)
[    0.015418] mce: CPU supports 0 MCE banks
[    0.016015] Last level iTLB entries: 4KB 64, 2MB 8, 4MB 8
[    0.020002] Last level dTLB entries: 4KB 64, 2MB 0, 4MB 0, 1GB 4
[    0.020852] Spectre V2 : Mitigation: Full generic retpoline
[    0.021569] Spectre V2 : Spectre v2 / SpectreRSB mitigation: Filling RSB on context switch
[    0.022633] Speculative Store Bypass: Vulnerable
[    0.024066] Freeing SMP alternatives memory: 36K
[    0.028000] smpboot: CPU0: Intel(R) Core(TM) i7-8650U CPU @ 1.90GHz (family: 0x6, model: 0x8e, stepping: 0xa)
[    0.028000] Performance Events: unsupported p6 CPU model 142 no PMU driver, software events only.
[    0.028000] Hierarchical SRCU implementation.
[    0.028000] NMI watchdog: Perf event create on CPU 0 failed with -2
[    0.028002] NMI watchdog: Perf NMI watchdog permanently disabled
[    0.029126] smp: Bringing up secondary CPUs ...
[    0.030229] x86: Booting SMP configuration:
[    0.031194] .... node  #0, CPUs:      #1
[    0.004000] kvm-clock: cpu 1, msr 0:3ff44041, secondary cpu clock
[    0.004000] mce: CPU supports 0 MCE banks
[    0.036003] smp: Brought up 1 node, 2 CPUs
[    0.036624] smpboot: Max logical packages: 1
[    0.037253] smpboot: Total of 2 processors activated (8447.98 BogoMIPS)
[    0.038290] devtmpfs: initialized
[    0.038290] x86/mm: Memory block size: 128MB
[    0.038290] evm: security.selinux
[    0.040004] evm: security.SMACK64
[    0.040708] evm: security.SMACK64EXEC
[    0.041223] evm: security.SMACK64TRANSMUTE
[    0.041821] evm: security.SMACK64MMAP
[    0.042431] evm: security.apparmor
[    0.042930] evm: security.ima
[    0.043373] evm: security.capability
[    0.044065] clocksource: jiffies: mask: 0xffffffff max_cycles: 0xffffffff, max_idle_ns: 7645041785100000 ns
[    0.045460] futex hash table entries: 512 (order: 3, 32768 bytes)
[    0.046405] pinctrl core: initialized pinctrl subsystem
[    0.048077] RTC time: 19:14:34, date: 05/04/19
[    0.048951] NET: Registered protocol family 16
[    0.052073] audit: initializing netlink subsys (disabled)
[    0.052924] audit: type=2000 audit(1556997279.079:1): state=initialized audit_enabled=0 res=1
[    0.053203] cpuidle: using governor ladder
[    0.053203] cpuidle: using governor menu
[    0.053209] ACPI: bus type PCI registered
[    0.056006] acpiphp: ACPI Hot Plug PCI Controller Driver version: 0.5
[    0.056960] PCI: Using configuration type 1 for base access
[    0.057825] HugeTLB registered 2.00 MiB page size, pre-allocated 0 pages
[    0.060067] ACPI: Added _OSI(Module Device)
[    0.060801] ACPI: Added _OSI(Processor Device)
[    0.061411] ACPI: Added _OSI(3.0 _SCP Extensions)
[    0.061989] ACPI: Added _OSI(Processor Aggregator Device)
[    0.062648] ACPI: Added _OSI(Linux-Dell-Video)
[    0.064002] ACPI: Added _OSI(Linux-Lenovo-NV-HDMI-Audio)
[    0.064637] ACPI: Added _OSI(Linux-HPI-Hybrid-Graphics)
[    0.065481] ACPI: Executed 1 blocks of module-level executable AML code
[    0.068767] ACPI: Interpreter enabled
[    0.069239] ACPI: (supports S0 S5)
[    0.069669] ACPI: Using IOAPIC for interrupt routing
[    0.070454] PCI: Using host bridge windows from ACPI; if necessary, use "pci=nocrs" and report a bug
[    0.071638] ACPI: Enabled 2 GPEs in block 00 to 07
[    0.076335] ACPI: PCI Root Bridge [PCI0] (domain 0000 [bus 00-ff])
[    0.077375] acpi PNP0A03:00: _OSC: OS supports [ASPM ClockPM Segments MSI]
[    0.079026] acpi PNP0A03:00: _OSC: not requesting OS control; OS requires [ExtendedConfig ASPM ClockPM MSI]
[    0.080018] acpi PNP0A03:00: fail to add MMCONFIG information, can't access extended PCI configuration space under this bridge.
[    0.081786] PCI host bridge to bus 0000:00
[    0.084003] pci_bus 0000:00: root bus resource [io  0x0000-0x0cf7 window]
[    0.084909] pci_bus 0000:00: root bus resource [io  0x0d00-0xffff window]
[    0.085836] pci_bus 0000:00: root bus resource [mem 0x000a0000-0x000bffff window]
[    0.086867] pci_bus 0000:00: root bus resource [mem 0x40000000-0xfdffffff window]
[    0.087962] pci_bus 0000:00: root bus resource [bus 00-ff]
[    0.089427] pci 0000:00:01.1: legacy IDE quirk: reg 0x10: [io  0x01f0-0x01f7]
[    0.090420] pci 0000:00:01.1: legacy IDE quirk: reg 0x14: [io  0x03f6]
[    0.092002] pci 0000:00:01.1: legacy IDE quirk: reg 0x18: [io  0x0170-0x0177]
[    0.092925] pci 0000:00:01.1: legacy IDE quirk: reg 0x1c: [io  0x0376]
[    0.106361] pci 0000:00:07.0: quirk: [io  0x4000-0x403f] claimed by PIIX4 ACPI
[    0.107658] pci 0000:00:07.0: quirk: [io  0x4100-0x410f] claimed by PIIX4 SMB
[    0.116266] ACPI: PCI Interrupt Link [LNKA] (IRQs 5 9 10 *11)
[    0.117355] ACPI: PCI Interrupt Link [LNKB] (IRQs 5 9 *10 11)
[    0.118223] ACPI: PCI Interrupt Link [LNKC] (IRQs 5 *9 10 11)
[    0.119116] ACPI: PCI Interrupt Link [LNKD] (IRQs 5 9 10 *11)
[    0.120249] SCSI subsystem initialized
[    0.120876] pci 0000:00:02.0: vgaarb: setting as boot VGA device
[    0.120894] pci 0000:00:02.0: vgaarb: VGA device added: decodes=io+mem,owns=io+mem,locks=none
[    0.122069] pci 0000:00:02.0: vgaarb: bridge control possible
[    0.124005] vgaarb: loaded
[    0.124497] ACPI: bus type USB registered
[    0.125094] usbcore: registered new interface driver usbfs
[    0.126073] usbcore: registered new interface driver hub
[    0.126925] usbcore: registered new device driver usb
[    0.128045] EDAC MC: Ver: 3.0.0
[    0.128633] PCI: Using ACPI for IRQ routing
[    0.128746] NetLabel: Initializing
[    0.129181] NetLabel:  domain hash size = 128
[    0.129729] NetLabel:  protocols = UNLABELED CIPSOv4 CALIPSO
[    0.130404] NetLabel:  unlabeled traffic allowed by default
[    0.132047] clocksource: Switched to clocksource kvm-clock
[    0.145892] VFS: Disk quotas dquot_6.6.0
[    0.146510] VFS: Dquot-cache hash table entries: 512 (order 0, 4096 bytes)
[    0.147605] AppArmor: AppArmor Filesystem Enabled
[    0.148418] pnp: PnP ACPI init
[    0.150114] pnp: PnP ACPI: found 3 devices
[    0.159519] clocksource: acpi_pm: mask: 0xffffff max_cycles: 0xffffff, max_idle_ns: 2085701024 ns
[    0.160634] NET: Registered protocol family 2
[    0.163277] TCP established hash table entries: 8192 (order: 4, 65536 bytes)
[    0.164222] TCP bind hash table entries: 8192 (order: 5, 131072 bytes)
[    0.165178] TCP: Hash tables configured (established 8192 bind 8192)
[    0.166063] UDP hash table entries: 512 (order: 2, 16384 bytes)
[    0.166874] UDP-Lite hash table entries: 512 (order: 2, 16384 bytes)
[    0.167792] NET: Registered protocol family 1
[    0.168525] pci 0000:00:00.0: Limiting direct PCI/PCI transfers
[    0.169358] pci 0000:00:01.0: Activating ISA DMA hang workarounds
[    0.170204] pci 0000:00:02.0: Video device with shadowed ROM at [mem 0x000c0000-0x000dffff]
[    0.171418] Unpacking initramfs...
[    0.441556] Freeing initrd memory: 18976K
[    0.442368] platform rtc_cmos: registered platform RTC device (no PNP device found)
[    0.443494] Scanning for low memory corruption every 60 seconds
[    0.445042] Initialise system trusted keyrings
[    0.445768] Key type blacklist registered
[    0.446608] workingset: timestamp_bits=36 max_order=18 bucket_order=0
[    0.448117] zbud: loaded
[    0.448812] squashfs: version 4.0 (2009/01/31) Phillip Lougher
[    0.449623] fuse init (API version 7.26)
[    0.451557] Key type asymmetric registered
[    0.452069] Asymmetric key parser 'x509' registered
[    0.452716] Block layer SCSI generic (bsg) driver version 0.4 loaded (major 246)
[    0.453728] io scheduler noop registered
[    0.454224] io scheduler deadline registered
[    0.454762] io scheduler cfq registered (default)
[    0.455520] ACPI: AC Adapter [AC] (on-line)
[    0.456080] input: Power Button as /devices/LNXSYSTM:00/LNXPWRBN:00/input/input0
[    0.457498] ACPI: Power Button [PWRF]
[    0.458096] input: Sleep Button as /devices/LNXSYSTM:00/LNXSLPBN:00/input/input1
[    0.458993] ACPI: Sleep Button [SLPF]
[    0.460227] Serial: 8250/16550 driver, 32 ports, IRQ sharing enabled
[    0.460238] ACPI: Battery Slot [BAT0] (battery present)
[    0.482008] 00:02: ttyS0 at I/O 0x3f8 (irq = 4, base_baud = 115200) is a 16550A
[    0.483790] Linux agpgart interface v0.103
[    0.485141] loop: module loaded
[    0.485912] scsi host0: ata_piix
[    0.486449] scsi host1: ata_piix
[    0.486914] ata1: PATA max UDMA/33 cmd 0x1f0 ctl 0x3f6 bmdma 0xd000 irq 14
[    0.487715] ata2: PATA max UDMA/33 cmd 0x170 ctl 0x376 bmdma 0xd008 irq 15
[    0.488713] libphy: Fixed MDIO Bus: probed
[    0.489281] tun: Universal TUN/TAP device driver, 1.6
[    0.489908] PPP generic driver version 2.4.2
[    0.490594] ehci_hcd: USB 2.0 'Enhanced' Host Controller (EHCI) Driver
[    0.491555] ehci-pci: EHCI PCI platform driver
[    0.492218] ehci-platform: EHCI generic platform driver
[    0.493053] ohci_hcd: USB 1.1 'Open' Host Controller (OHCI) Driver
[    0.493952] ohci-pci: OHCI PCI platform driver
[    0.494579] ohci-platform: OHCI generic platform driver
[    0.495295] uhci_hcd: USB Universal Host Controller Interface driver
[    0.496199] i8042: PNP: PS/2 Controller [PNP0303:PS2K,PNP0f03:PS2M] at 0x60,0x64 irq 1,12
[    0.497872] serio: i8042 KBD port at 0x60,0x64 irq 1
[    0.498592] serio: i8042 AUX port at 0x60,0x64 irq 12
[    0.499314] mousedev: PS/2 mouse device common for all mice
[    0.500269] input: AT Translated Set 2 keyboard as /devices/platform/i8042/serio0/input/input2
[    0.501666] rtc_cmos rtc_cmos: rtc core: registered rtc_cmos as rtc0
[    0.502563] rtc_cmos rtc_cmos: alarms up to one day, 114 bytes nvram
[    0.503391] i2c /dev entries driver
[    0.503876] pcie_mp2_amd: AMD(R) PCI-E MP2 Communication Driver Version: 1.0
[    0.504851] device-mapper: uevent: version 1.0.3
[    0.505575] device-mapper: ioctl: 4.37.0-ioctl (2017-09-20) initialised: dm-devel@redhat.com
[    0.506741] ledtrig-cpu: registered to indicate activity on CPUs
[    0.507926] NET: Registered protocol family 10
[    0.511051] Segment Routing with IPv6
[    0.511587] NET: Registered protocol family 17
[    0.512419] Key type dns_resolver registered
[    0.513213] RAS: Correctable Errors collector initialized.
[    0.513962] sched_clock: Marking stable (513163077, 0)->(737562032, -224398955)
[    0.515205] registered taskstats version 1
[    0.515751] Loading compiled-in X.509 certificates
[    0.518505] Loaded X.509 cert 'Build time autogenerated kernel key: e7056c016f846647db0f624c10ce588fee742707'
[    0.519866] zswap: loaded using pool lzo/zbud
[    0.523694] Key type big_key registered
[    0.524380] Key type trusted registered
[    0.526594] Key type encrypted registered
[    0.527259] AppArmor: AppArmor sha1 policy hashing enabled
[    0.528127] ima: No TPM chip found, activating TPM-bypass! (rc=-19)
[    0.529003] ima: Allocated hash algorithm: sha1
[    0.529681] evm: HMAC attrs: 0x1
[    0.530375]   Magic number: 3:477:242
[    0.531042] rtc_cmos rtc_cmos: setting system clock to 2019-05-04 19:14:34 UTC (1556997274)
[    0.532315] BIOS EDD facility v0.16 2004-Jun-25, 0 devices found
[    0.533192] EDD information not available.
[    0.660760] Freeing unused kernel image memory: 2408K
[    0.672525] Write protecting the kernel read-only data: 20480k
[    0.678822] Freeing unused kernel image memory: 2008K
[    0.683191] Freeing unused kernel image memory: 1868K
[    0.700759] x86/mm: Checked W+X mappings: passed, no W+X pages found.
[    0.702332] x86/mm: Checking user space page tables
[    0.708334] x86/mm: Checked W+X mappings: passed, no W+X pages found.
Loading, please wait...
starting version 237
[    0.754117] e1000: Intel(R) PRO/1000 Network Driver - version 7.3.21-k8-NAPI
[    0.755090] e1000: Copyright (c) 1999-2006 Intel Corporation.
[    0.758177] Fusion MPT base driver 3.04.20
[    0.758848] Copyright (c) 1999-2008 LSI Corporation
[    0.763512] Fusion MPT SPI Host driver 3.04.20
[    0.774418] AVX2 version of gcm_enc/dec engaged.
[    0.775099] AES CTR mode by8 optimization enabled
[    0.970345] input: ImExPS/2 Generic Explorer Mouse as /devices/platform/i8042/serio1/input/input4
[    1.123317] e1000 0000:00:03.0 eth0: (PCI:33MHz:32-bit) 02:ff:cd:56:66:68
[    1.124436] e1000 0000:00:03.0 eth0: Intel(R) PRO/1000 Network Connection
[    1.126120] mptbase: ioc0: Initiating bringup
[    1.234776] ioc0: LSI53C1030 A0: Capabilities={Initiator}
[    1.482134] tsc: Refined TSC clocksource calibration: 2111.922 MHz
[    1.483063] clocksource: tsc: mask: 0xffffffffffffffff max_cycles: 0x1e712ed59e0, max_idle_ns: 440795270650 ns
[    2.412158] scsi host2: ioc0: LSI53C1030 A0, FwRev=00000000h, Ports=1, MaxQ=256, IRQ=20
[    2.766555] scsi 2:0:0:0: Direct-Access     VBOX     HARDDISK         1.0  PQ: 0 ANSI: 5
[    2.808080] scsi target2:0:0: Beginning Domain Validation
[    2.810309] scsi target2:0:0: Domain Validation skipping write tests
[    2.811088] scsi target2:0:0: Ending Domain Validation
[    2.811752] scsi target2:0:0: asynchronous
[    2.812581] scsi 2:0:1:0: Direct-Access     VBOX     HARDDISK         1.0  PQ: 0 ANSI: 5
[    3.080100] scsi target2:0:1: Beginning Domain Validation
[    3.081961] random: fast init done
[    3.082485] scsi target2:0:1: Domain Validation skipping write tests
[    3.083368] scsi target2:0:1: Ending Domain Validation
[    3.084247] scsi target2:0:1: asynchronous
[    3.088921] random: systemd-udevd: uninitialized urandom read (16 bytes read)
[    3.089904] random: systemd-udevd: uninitialized urandom read (16 bytes read)
[    3.090840] random: systemd-udevd: uninitialized urandom read (16 bytes read)
[    3.091998] sd 2:0:0:0: Attached scsi generic sg0 type 0
[    3.092083] sd 2:0:0:0: [sda] 20971520 512-byte logical blocks: (10.7 GB/10.0 GiB)
[    3.092108] sd 2:0:0:0: [sda] Write Protect is off
[    3.092156] sd 2:0:0:0: [sda] Incomplete mode parameter data
[    3.092157] sd 2:0:0:0: [sda] Assuming drive cache: write through
[    3.096777] sd 2:0:1:0: Attached scsi generic sg1 type 0
[    3.096842] sd 2:0:1:0: [sdb] 20480 512-byte logical blocks: (10.5 MB/10.0 MiB)
[    3.096875] sd 2:0:1:0: [sdb] Write Protect is off
[    3.096939] sd 2:0:1:0: [sdb] Incomplete mode parameter data
[    3.096940] sd 2:0:1:0: [sdb] Assuming drive cache: write through
[    3.098503]  sda: sda1
[    3.102144] sd 2:0:0:0: [sda] Attached SCSI disk
[    3.103752] sd 2:0:1:0: [sdb] Attached SCSI disk
[    3.132828] e1000 0000:00:08.0 eth1: (PCI:33MHz:32-bit) 08:00:27:24:26:3d
[    3.133637] e1000 0000:00:08.0 eth1: Intel(R) PRO/1000 Network Connection
[    3.135190] e1000 0000:00:03.0 enp0s3: renamed from eth0
[    3.152934] e1000 0000:00:08.0 enp0s8: renamed from eth1
Begin: Loading essential drivers ... [    4.516401] raid6: sse2x1   gen() 13029 MB/s
[    4.564211] raid6: sse2x1   xor()  8036 MB/s
[    4.612039] raid6: sse2x2   gen() 14922 MB/s
[    4.660807] raid6: sse2x2   xor() 10708 MB/s
[    4.708645] raid6: sse2x4   gen() 16971 MB/s
[    4.756442] raid6: sse2x4   xor() 10794 MB/s
[    4.804259] raid6: avx2x1   gen() 25950 MB/s
[    4.852147] raid6: avx2x1   xor() 18285 MB/s
[    4.900013] raid6: avx2x2   gen() 28952 MB/s
[    4.948473] raid6: avx2x2   xor() 16024 MB/s
[    4.996651] raid6: avx2x4   gen() 35408 MB/s
[    5.044496] raid6: avx2x4   xor() 20382 MB/s
[    5.045201] raid6: using algorithm avx2x4 gen() 35408 MB/s
[    5.046019] raid6: .... xor() 20382 MB/s, rmw enabled
[    5.046748] raid6: using avx2x2 recovery algorithm
[    5.048972] xor: automatically using best checksumming function   avx       
[    5.050908] async_tx: api initialized (async)
done.
Begin: Running /scripts/init-premount ... done.
Begin: Mounting root file system ... Begin: Running /scripts/local-top ... done.
Begin: Running /scripts/local-premount ... [    5.084705] Btrfs loaded, crc32c=crc32c-intel
Scanning for Btrfs filesystems
done.
Warning: fsck not present, so skipping root file system
[    5.105002] EXT4-fs (sda1): mounted filesystem with ordered data mode. Opts: (null)
done.
Begin: Running /scripts/local-bottom ... done.
Begin: Running /scripts/init-bottom ... done.
[    5.229007] ip_tables: (C) 2000-2006 Netfilter Core Team
[    5.235439] systemd[1]: systemd 237 running in system mode. (+PAM +AUDIT +SELINUX +IMA +APPARMOR +SMACK +SYSVINIT +UTMP +LIBCRYPTSETUP +GCRYPT +GNUTLS +ACL +XZ +LZ4 +SECCOMP +BLKID +ELFUTILS +KMOD -IDN2 +IDN -PCRE2 default-hierarchy=hybrid)
[    5.237986] systemd[1]: Detected virtualization oracle.
[    5.238725] systemd[1]: Detected architecture x86-64.

Welcome to [1mUbuntu 18.04.2 LTS[0m!

[    5.243756] systemd[1]: Set hostname to <ubuntu>.
[    5.246292] systemd[1]: Initializing machine ID from random generator.
[    5.247087] systemd[1]: Installed transient /etc/machine-id file.
[    5.396561] systemd[1]: Reached target System Time Synchronized.
[[0;32m  OK  [0m] Reached target System Time Synchronized.
[    5.398827] systemd[1]: Created slice User and Session Slice.
[[0;32m  OK  [0m] Created slice User and Session Slice.
[    5.400076] systemd[1]: Started Forward Password Requests to Wall Directory Watch.
[[0;32m  OK  [0m] Started Forward Password Requests to Wall Directory Watch.
[    5.401753] systemd[1]: Reached target User and Group Name Lookups.
[[0;32m  OK  [0m] Reached target User and Group Name Lookups.
[[0;32m  OK  [0m] Set up automount Arbitrary Executab…rmats File System Automount Point.
[[0;32m  OK  [0m] Reached target Swap.
[[0;32m  OK  [0m] Created slice System Slice.
[[0;32m  OK  [0m] Listening on Journal Audit Socket.
[[0;32m  OK  [0m] Created slice system-serial\x2dgetty.slice.
[[0;32m  OK  [0m] Listening on Network Service Netlink Socket.
[[0;32m  OK  [0m] Reached target Slices.
[[0;32m  OK  [0m] Listening on Journal Socket (/dev/log).
[[0;32m  OK  [0m] Listening on Device-mapper event daemon FIFOs.
[[0;32m  OK  [0m] Listening on Syslog Socket.
[[0;32m  OK  [0m] Listening on udev Kernel Socket.
[[0;32m  OK  [0m] Listening on udev Control Socket.
[[0;32m  OK  [0m] Listening on /dev/initctl Compatibility Named Pipe.
[[0;32m  OK  [0m] Listening on LVM2 poll daemon socket.
[[0;32m  OK  [0m] Listening on Journal Socket.
         Mounting POSIX Message Queue File System...
         Starting udev Coldplug all Devices...
         Mounting Kernel Debug File System...
         Starting Create list of required st…ce nodes for the current kernel...
         Starting Journal Service...
         Starting Set the console keyboard layout...
         Starting Load Kernel Modules...
         Mounting Huge Pages File System...
         Starting Remount Root and Kernel File Systems...
         Starting Uncomplicated firewall...
[[0;32m  OK  [0m] Listening on LVM2 metadata daemon socket.
         Starting Monitoring of LVM2 mirrors…ng dmeventd or progress polling...
[[0;32m  OK  [0m] Started Create list of required sta…vice nodes for the current kernel.
         Starting Create Static Device Nodes in /dev...
[[0;32m  OK  [0m] Started udev Coldplug all Devices.
[[0;32m  OK  [0m] Started Journal Service.
[    5.506289] Loading iSCSI transport class v2.0-870.
[    5.510844] iscsi: registered transport (tcp)
[[0;32m  OK  [0m] Started Uncomplicated firewall.
[[0;32m  OK  [0m] Started Create Static Device Nodes in /dev.
[    5.591752] iscsi: registered transport (iser)
[[0;32m  OK  [0m] Started Load Kernel Modules.
         Starting Apply Kernel Variables...
         Mounting Kernel Configuration File System...
         Mounting FUSE Control File System...
[[0;32m  OK  [0m] Started Apply Kernel Variables.
[[0;32m  OK  [0m] Mounted POSIX Message Queue File System.
[[0;32m  OK  [0m] Mounted Kernel Debug File System.
[[0;32m  OK  [0m] Mounted Huge Pages File System.
[[0;32m  OK  [0m] Started Remount Root and Kernel File Systems.
[[0;32m  OK  [0m] Mounted Kernel Configuration File System.
[[0;32m  OK  [0m] Mounted FUSE Control File System.
[[0;32m  OK  [0m] Started LVM2 metadata daemon.
         Starting Flush Journal to Persistent Storage...
         Starting Load/Save Random Seed...
         Starting udev Kernel Device Manager...
[[0;32m  OK  [0m] Started Load/Save Random Seed.
[[0;32m  OK  [0m] Started Monitoring of LVM2 mirrors,…sing dmeventd or progress polling.
[[0;32m  OK  [0m] Started udev Kernel Device Manager.
[[0;32m  OK  [0m] Started Flush Journal to Persistent Storage.
[[0;32m  OK  [0m] Found device /dev/ttyS0.
[[0;32m  OK  [0m] Listening on Load/Save RF Kill Switch Status /dev/rfkill Watch.
[[0;32m  OK  [0m] Started Set the console keyboard layout.
[[0;32m  OK  [0m] Reached target Local File Systems (Pre).
[[0;32m  OK  [0m] Reached target Local File Systems.
         Starting Create Volatile Files and Directories...
         Starting Tell Plymouth To Write Out Runtime Data...
         Starting Set console font and keymap...
         Starting AppArmor initialization...
         Starting ebtables ruleset management...
         Starting Commit a transient machine-id on disk...
[[0;32m  OK  [0m] Started Dispatch Password Requests to Console Directory Watch.
[[0;32m  OK  [0m] Reached target Local Encrypted Volumes.
[[0;32m  OK  [0m] Started Create Volatile Files and Directories.
[[0;32m  OK  [0m] Started Tell Plymouth To Write Out Runtime Data.
[[0;32m  OK  [0m] Started Set console font and keymap.
         Starting Update UTMP about System Boot/Shutdown...
[[0;32m  OK  [0m] Started Update UTMP about System Boot/Shutdown.
[[0;32m  OK  [0m] Started Commit a transient machine-id on disk.
[[0;32m  OK  [0m] Started ebtables ruleset management.
[[0;32m  OK  [0m] Started AppArmor initialization.
         Starting Initial cloud-init job (pre-networking)...
[    8.022698] cloud-init[694]: Cloud-init v. 18.5-45-g3554ffe8-0ubuntu1~18.04.1 running 'init-local' at Sat, 04 May 2019 19:14:41 +0000. Up 7.75 seconds.
[[0;32m  OK  [0m] Started Initial cloud-init job (pre-networking).
[[0;32m  OK  [0m] Reached target Network (Pre).
         Starting Network Service...
[[0;32m  OK  [0m] Started Network Service.
         Starting Wait for Network to be Configured...
         Starting Network Name Resolution...
[[0;32m  OK  [0m] Started Network Name Resolution.
[[0;32m  OK  [0m] Reached target Host and Network Name Lookups.
[[0;32m  OK  [0m] Reached target Network.
[[0;32m  OK  [0m] Started Wait for Network to be Configured.
         Starting Initial cloud-init job (metadata service crawler)...
[   10.348523] cloud-init[809]: Cloud-init v. 18.5-45-g3554ffe8-0ubuntu1~18.04.1 running 'init' at Sat, 04 May 2019 19:14:44 +0000. Up 10.24 seconds.
[   10.360185] cloud-init[809]: ci-info: ++++++++++++++++++++++++++++++++++++++Net device info+++++++++++++++++++++++++++++++++++++++
[   10.361124] cloud-init[809]: ci-info: +--------+-------+----------------------------+---------------+--------+-------------------+
[   10.362139] cloud-init[809]: ci-info: | Device |   Up  |          Address           |      Mask     | Scope  |     Hw-Address    |
[   10.363214] cloud-init[809]: ci-info: +--------+-------+----------------------------+---------------+--------+-------------------+
[   10.364335] cloud-init[809]: ci-info: | enp0s3 |  True |         10.0.2.15          | 255.255.255.0 | global | 02:ff:cd:56:66:68 |
[   10.365342] cloud-init[809]: ci-info: | enp0s3 |  True | fe80::ff:cdff:fe56:6668/64 |       .       |  link  | 02:ff:cd:56:66:68 |
[   10.366268] cloud-init[809]: ci-info: | enp0s8 | False |             .              |       .       |   .    | 08:00:27:24:26:3d |
[   10.367199] cloud-init[809]: ci-info: |   lo   |  True |         127.0.0.1          |   255.0.0.0   |  host  |         .         |
[   10.368156] cloud-init[809]: ci-info: |   lo   |  True |          ::1/128           |       .       |  host  |         .         |
[   10.369120] cloud-init[809]: ci-info: +--------+-------+----------------------------+---------------+--------+-------------------+
[   10.370088] cloud-init[809]: ci-info: ++++++++++++++++++++++++++++Route IPv4 info+++++++++++++++++++++++++++++
[   10.370872] cloud-init[809]: ci-info: +-------+-------------+----------+-----------------+-----------+-------+
[   10.371709] cloud-init[809]: ci-info: | Route | Destination | Gateway  |     Genmask     | Interface | Flags |
[   10.372537] cloud-init[809]: ci-info: +-------+-------------+----------+-----------------+-----------+-------+
[   10.373375] cloud-init[809]: ci-info: |   0   |   0.0.0.0   | 10.0.2.2 |     0.0.0.0     |   enp0s3  |   UG  |
[   10.374201] cloud-init[809]: ci-info: |   1   |   10.0.2.0  | 0.0.0.0  |  255.255.255.0  |   enp0s3  |   U   |
[   10.375033] cloud-init[809]: ci-info: |   2   |   10.0.2.2  | 0.0.0.0  | 255.255.255.255 |   enp0s3  |   UH  |
[   10.375858] cloud-init[809]: ci-info: +-------+-------------+----------+-----------------+-----------+-------+
[   10.376708] cloud-init[809]: ci-info: +++++++++++++++++++Route IPv6 info+++++++++++++++++++
[   10.377407] cloud-init[809]: ci-info: +-------+-------------+---------+-----------+-------+
[   10.378051] cloud-init[809]: ci-info: | Route | Destination | Gateway | Interface | Flags |
[   10.378701] cloud-init[809]: ci-info: +-------+-------------+---------+-----------+-------+
[   10.379386] cloud-init[809]: ci-info: |   1   |  fe80::/64  |    ::   |   enp0s3  |   U   |
[   10.380107] cloud-init[809]: ci-info: |   3   |    local    |    ::   |   enp0s3  |   U   |
[   10.380825] cloud-init[809]: ci-info: |   4   |   ff00::/8  |    ::   |   enp0s3  |   U   |
[   10.381521] cloud-init[809]: ci-info: +-------+-------------+---------+-----------+-------+
[   10.983631] cloud-init[809]: Generating public/private rsa key pair.
[   10.996219] cloud-init[809]: Your identification has been saved in /etc/ssh/ssh_host_rsa_key.
[   11.008420] cloud-init[809]: Your public key has been saved in /etc/ssh/ssh_host_rsa_key.pub.
[[0;32m  OK  [0m] Started Initial cloud-init job (metadata service crawler).
[   11.021039] cloud-init[809]: The key fingerprint is:
[[0;32m  OK  [0m] Reached target System Initialization.
[   11.036698] cloud-init[809]: SHA256:Z0LtpbT7uNzYsUSuAUO6Eb8T3x3jcxB82iTJ52trhsM root@ubuntu-bionic
[[   11.052986] [0;32m  OK  [0mcloud-init] [809]: Listening on UUID daemon activation socket.The key's randomart image is:

[   11.053066] cloud-init[809]: +---[RSA 2048]----+
         [   11.066127] cloud-init[809]: |                 |
[   11.067657] cloud-init[809]: |         .   o . |
[   11.068894] cloud-init[809]: |      . o o . * +|
[   11.070699] cloud-init[809]: |       * o +   X |
[   11.071474] cloud-init[809]: |      o S * . = o|
[   11.072230] cloud-init[809]: |       o X = o +.|
Starting LXD - unix socket.[   11.072273] 
cloud-init[809]: |      . o + * =o.|
[   11.072298] cloud-init[809]: |         o X E.=.|
[   11.073971] cloud-init[809]: |          *.= +. |
[   11.084184] cloud-init[809]: +----[SHA256]-----+
[   11.084228] cloud-init[[809]: [0;32m  OK  [0mGenerating public/private dsa key pair.] 
Listening on Open-iSCSI iscsid Socket.
[   11.084285] cloud-init[809]: Your identification has been saved in /etc/ssh/ssh_host_dsa_key.
[[0;32m  OK  [0m] Started Message of the Day.
[   11.112089] cloud-init[809]: Your public key has been saved in /etc/ssh/ssh_host_dsa_key.pub.
[   11.137169] cloud-init[809]: The key fingerprint is:
[[   11.137247] [0;32m  OK  [0mcloud-init] [809]: Started Discard unused blocks once a week.SHA256:Vf03/obiaH6hDhWitNKctwGyXD0Droq3BF18TStJg1E root@ubuntu-bionic

[   11.137321] cloud-init[809]: The key's randomart image is:
[[0;32m  OK  [0m] Listening on D-Bus System Message Bus Socket.[   11.151305] cloud-init[809]: +---[DSA 1024]----+
[   11.153324] cloud-init[809]: |    .+E .   ..   |

[   11.154139] cloud-init[809]: |   ..o B . .  .  |
[   11.156380] cloud-init[809]: |    + O B o    . |
[   11.157317] cloud-init[809]: | . o X * = .   .o|
[   11.158246] cloud-init[809]: |. . = * S .   . o|
[   11.159413] cloud-init[809]: | o . . . +  .  . |
[   11.159710] cloud-init[809]: |. +     o  . . ..|
[   11.161064] cloud-init[809]: | o .     .o.o . o|
[   11.162352] cloud-init[809]: |  .      ++o.. . |
[   11.163609] cloud-init[809]: +----[SHA256]-----+
[   11.165240] cloud-init[809]: Generating public/private ecdsa key pair.
[   11.165514] cloud-init[809]: Your identification has been saved in /etc/ssh/ssh_host_ecdsa_key.
[   11.166025] cloud-init[809]: Your public key has been saved in /etc/ssh/ssh_host_ecdsa_key.pub.
[   11.166663] cloud-init[809]: The key fingerprint is:
[   11.167114] cloud-init[809]: SHA256:Z7WOvS4eTvKMRK7Olcsgr5Ce0BEW2+IsHTOIxg+AgZk root@ubuntu-bionic
[   11.167889] cloud-init[809]: The key's randomart image is:
[   11.168172] cloud-init[809]: +---[ECDSA 256]---+
[   11.168409] cloud-init[809]: |=+.              |
[   11.168862] cloud-init[809]: |E. +             |
[[0;32m  OK  [0m] Started Daily Cleanup of Temporary Directories.
[   11.169061] cloud-init[809]: |o+O .       .    |
[   11.170635] cloud-init[809]: |.=o*       . .   |
[   11.170974] cloud-init[809]: |. =.    S o .    |
[   11.171592] cloud-init[809]: | o o   o + +     |
[   11.175275] cloud-init[809]: |. + . . * + o    |
[   11.175731] cloud-init[809]: | o o + * O.. .   |
[   11.176133] cloud-init[809]: |  o .o= +.=oo    |
[   11.176566] cloud-init[809]: +----[SHA256]-----+
[   11.176950] cloud-init[809]: Generating public/private ed25519 key pair.
[   11.177485] cloud-init[809]: Your identification has been saved in /etc/ssh/ssh_host_ed25519_key.
[   11.178675] cloud-init[809]: Your public key has been saved in /etc/ssh/ssh_host_ed25519_key.pub.
         [   11.189310] cloud-init[809]: The key fingerprint is:
[   11.189375] cloud-init[809]: SHA256:NSXb6eaSK0STBabKs+NU9nB5yE6JLqqBvb8b/+0MEH8 root@ubuntu-bionic
[   11.189694] cloud-init[809]: The key's randomart image is:
Starting Socket activation for snappy daemon.
[   11.189953] cloud-init[809]: +--[ED25519 256]--+
[[0;32m  OK  [0m] Started ACPI Events Check.
[   11.191130] cloud-init[809]: |        o.. .    |
[[0;32m  OK  [0m] Listening on ACPID Listen Socket.
[   11.204583] cloud-init[809]: |       o  .= .   |
[[   11.233257] cloud-init[809]: |      o  o+ o    |
[   11.233340] cloud-init[809]: |   . . =+= o     |
[   11.233667] cloud-init[809]: |    + *.S.E o    |
[   11.233998] cloud-init[809]: |..   * B.o +     |
[   11.234303] cloud-init[809]: |o . * ..+ o .    |
[   11.234509] cloud-init[809]: | . = =  .+ o     |
[   11.234884] cloud-init[809]: |..o.=o...o=      |[0;32m  OK  [0m
] Started Daily apt download activities.
[   11.234973] cloud-init[809]: +----[SHA256]-----+
[[0;32m  OK  [0m] Started Daily apt upgrade and clean activities.
[[0;32m  OK  [0m] Reached target Timers.
[[0;32m  OK  [0m] Reached target Paths.
[[0;32m  OK  [0m] Reached target Cloud-config availability.
[[0;32m  OK  [0m] Reached target Network is Online.
[[0;32m  OK  [0m] Reached target Remote File Systems (Pre).
[[0;32m  OK  [0m] Reached target Remote File Systems.
         Starting Availability of block devices...
[[0;32m  OK  [0m] Listening on LXD - unix socket.
[[0;32m  OK  [0m] Listening on Socket activation for snappy daemon.
[[0;32m  OK  [0m] Started Availability of block devices.
[[0;32m  OK  [0m] Reached target Sockets.
[[0;32m  OK  [0m] Reached target Basic System.
[[0;32m  OK  [0m] Started FUSE filesystem for LXC.
[[0;32m  OK  [0m] Started D-Bus System Message Bus.
         Starting LSB: Record successful boot for GRUB...
[[0;32m  OK  [0m] Started Deferred execution scheduler.
         Starting System Logging Service...
         Starting Permit User Sessions...
[[0;32m  OK  [0m] Started irqbalance daemon.
[[0;32m  OK  [0m] Started Regular background program processing daemon.
         Starting Dispatcher daemon for systemd-networkd...
         Starting Snappy daemon...
         Starting LSB: automatic crash report generation...
         Starting Pollinate to seed the pseudo random number generator...
         Starting Login Service...
         Starting Virtualbox guest utils...
         Starting Accounts Service...
         Starting LXD - container startup/shutdown...
[[0;32m  OK  [0m] Started System Logging Service.
[[0;32m  OK  [0m] Started Permit User Sessions.
         Starting Terminate Plymouth Boot Screen...
         Starting Hold until boot process finishes up...
[[0;32m  OK  [0m] Started Hold until boot process finishes up.
         Starting Set console scheme...
[[0;32m  OK  [0m] Started Serial Getty on ttyS0.
[[0;32m  OK  [0m] Started Terminate Plymouth Boot Screen.
[[0;32m  OK  [0m] Started Login Service.
[[0;32m  OK  [0m] Started Unattended Upgrades Shutdown.
[[0;32m  OK  [0m] Started Set console scheme.
         Starting Authorization Manager...
[[0;32m  OK  [0m] Created slice system-getty.slice.
[[0;32m  OK  [0m] Started Getty on tty1.
[[0;32m  OK  [0m] Reached target Login Prompts.
[[0;32m  OK  [0m] Started LSB: automatic crash report generation.
[[0;32m  OK  [0m] Started LSB: Record successful boot for GRUB.
[[0;32m  OK  [0m] Started LXD - container startup/shutdown.
[[0;32m  OK  [0m] Started Authorization Manager.
[[0;32m  OK  [0m] Started Accounts Service.
[[0;32m  OK  [0m] Started Virtualbox guest utils.
[[0;32m  OK  [0m] Started Dispatcher daemon for systemd-networkd.
[[0;32m  OK  [0m] Started Snappy daemon.
         Starting Wait until snapd is fully seeded...
[[0;32m  OK  [0m] Started Pollinate to seed the pseudo random number generator.
         Starting OpenBSD Secure Shell server...
[[0;32m  OK  [0m] Started OpenBSD Secure Shell server.
[[0;32m  OK  [0m] Started Wait until snapd is fully seeded.
         Starting Apply the settings specified in cloud-config...
[[0;32m  OK  [0m] Reached target Multi-User System.
[[0;32m  OK  [0m] Reached target Graphical Interface.
         Starting Update UTMP about System Runlevel Changes...
[[0;32m  OK  [0m] Started Update UTMP about System Runlevel Changes.
[[0;32m  OK  [0m] Created slice User Slice of vagrant.
         Starting User Manager for UID 1000...
[[0;32m  OK  [0m] Started Session 1 of user vagrant.
[[0;32m  OK  [0m] Started User Manager for UID 1000.
[   14.479024] cloud-init[1396]: Cloud-init v. 18.5-45-g3554ffe8-0ubuntu1~18.04.1 running 'modules:config' at Sat, 04 May 2019 19:14:48 +0000. Up 14.11 seconds.
[[0;32m  OK  [0m] Started Apply the settings specified in cloud-config.
         Starting Execute cloud user/final scripts...
ci-info: no authorized ssh keys fingerprints found for user ubuntu.
<14>May  4 19:14:48 ec2: 
<14>May  4 19:14:48 ec2: #############################################################
<14>May  4 19:14:48 ec2: -----BEGIN SSH HOST KEY FINGERPRINTS-----
<14>May  4 19:14:48 ec2: 1024 SHA256:Vf03/obiaH6hDhWitNKctwGyXD0Droq3BF18TStJg1E root@ubuntu-bionic (DSA)
<14>May  4 19:14:48 ec2: 256 SHA256:Z7WOvS4eTvKMRK7Olcsgr5Ce0BEW2+IsHTOIxg+AgZk root@ubuntu-bionic (ECDSA)
<14>May  4 19:14:48 ec2: 256 SHA256:NSXb6eaSK0STBabKs+NU9nB5yE6JLqqBvb8b/+0MEH8 root@ubuntu-bionic (ED25519)
<14>May  4 19:14:48 ec2: 2048 SHA256:Z0LtpbT7uNzYsUSuAUO6Eb8T3x3jcxB82iTJ52trhsM root@ubuntu-bionic (RSA)
<14>May  4 19:14:48 ec2: -----END SSH HOST KEY FINGERPRINTS-----
<14>May  4 19:14:48 ec2: #############################################################
-----BEGIN SSH HOST KEY KEYS-----
ecdsa-sha2-nistp256 AAAAE2VjZHNhLXNoYTItbmlzdHAyNTYAAAAIbmlzdHAyNTYAAABBBApbnsFDxLiSiq6ION58cZQcj8ZwEqsZvHuTI2gJdI529cSqJOlCodGz56Es4OVVEmQ4zLe6mzAhaeuVNZAzu7Y= root@ubuntu-bionic
ssh-ed25519 AAAAC3NzaC1lZDI1NTE5AAAAIB+YDtmWJ3m/P5QAI3GIBpJsN9vMz+rNlF7Y5XvVqUdA root@ubuntu-bionic
ssh-rsa AAAAB3NzaC1yc2EAAAADAQABAAABAQCh8d6VO0Iqu2IEe8hKFSR1KFxnZMezeqOVTRcMJsHshMeW27ORHbZDCPWomhURj00ea7kzMNbf8HpivtWE+tlCGH96AP7I+4WKiZ9CivZXnnV0pCJG8kg2C6l55euYDSsIyIFJwM8Xe9YbdRnhp11LeOVYgO3MNIg9GFWk0uDUTC+Jr9PhZF7vfPidMJs+ntKxmx2q8e0Gs8xzHt2QbQyCUYqgjejvET6dGfg8x4utnI7cxUFWKI9zEDYk1eMm6pPOAuiRddxnD+rOBBpjLP8MMBHjWyad8xQlyT651xnxchQ5lOskDbXGNLL0MWjhMDdDq908Mvluh/CC5Kc6CS8T root@ubuntu-bionic
-----END SSH HOST KEY KEYS-----
[   15.048836] cloud-init[1498]: Cloud-init v. 18.5-45-g3554ffe8-0ubuntu1~18.04.1 running 'modules:final' at Sat, 04 May 2019 19:14:48 +0000. Up 14.88 seconds.
[   15.064360] cloud-init[1498]: ci-info: no authorized ssh keys fingerprints found for user ubuntu.
[   15.064949] cloud-init[1498]: Cloud-init v. 18.5-45-g3554ffe8-0ubuntu1~18.04.1 finished at Sat, 04 May 2019 19:14:49 +0000. Datasource DataSourceNoCloud [seed=/dev/sdb][dsmode=net].  Up 15.04 seconds
[[0;32m  OK  [0m] Started Execute cloud user/final scripts.
[[0;32m  OK  [0m] Reached target Cloud-init target.

Ubuntu 18.04.2 LTS ubuntu-bionic ttyS0

ubuntu-bionic login: [[0;32m  OK  [0m] Closed Load/Save RF Kill Switch Status /dev/rfkill Watch.
[[0;32m  OK  [0m] Stopped target Cloud-init target.
[[0;32m  OK  [0m] Stopped Execute cloud user/final scripts.
[[0;32m  OK  [0m] Stopped Apply the settings specified in cloud-config.
[[0;32m  OK  [0m] Stopped target Cloud-config availability.
[[0;32m  OK  [0m] Stopped target Timers.
[[0;32m  OK  [0m] Stopped Daily Cleanup of Temporary Directories.
[[0;32m  OK  [0m] Stopped Daily apt upgrade and clean activities.
[[0;32m  OK  [0m] Stopped Daily apt download activities.
[[0;32m  OK  [0m] Stopped Message of the Day.
         Stopping Availability of block devices...
[[0;32m  OK  [0m] Stopped Discard unused blocks once a week.
[[0;32m  OK  [0m] Stopped target System Time Synchronized.
[[0;32m  OK  [0m] Stopped target Host and Network Name Lookups.
         Stopping User Manager for UID 1000...
         Stopping Session 8 of user vagrant.
[[0;32m  OK  [0m] Stopped target Graphical Interface.
         Stopping Accounts Service...
[[0;32m  OK  [0m] Stopped target Multi-User System.
         Stopping System Logging Service...
         Stopping FUSE filesystem for LXC...
         Stopping Regular background program processing daemon...
         Stopping Dispatcher daemon for systemd-networkd...
         Stopping Unattended Upgrades Shutdown...
[[0;32m  OK  [0m] Stopped target Login Prompts.
         Stopping Serial Getty on ttyS0...
         Stopping Getty on tty1...
         Stopping LSB: automatic crash report generation...
[[         Stopping OpenBSD Secure Shell server...
         Stopping LXD - container startup/shutdown...
         Stopping irqbalance daemon...
         Stopping D-Bus System Message Bus...
         Stopping Virtualbox guest utils...
         Stopping LSB: Record successful boot for GRUB...
[[0;32m  OK  [0m] Stopped target Network is Online.
         Stopping Authorization Manager...
         Stopping Deferred execution scheduler...
[[0;32m  OK  [0m] Unmounted /var/lib/lxcfs.
[[0;32m  OK  [0m] Stopped Deferred execution scheduler.
[[0;32m  OK  [0m] Stopped System Logging Service.
[[0;32m  OK  [0m] Stopped irqbalance daemon.
[[0;32m  OK  [0m] Stopped Regular background program processing daemon.
[[0;32m  OK  [0m] Stopped Dispatcher daemon for systemd-networkd.
[[0;32m  OK  [0m] Stopped Accounts Service.
[[0;32m  OK  [0m] Stopped Serial Getty on ttyS0.
[[0;32m  OK  [0m] Stopped Unattended Upgrades Shutdown.
[[0;32m  OK  [0m] Stopped Getty on tty1.
[[0;32m  OK  [0m] Stopped OpenBSD Secure Shell server.
[[0;32m  OK  [0m] Stopped Authorization Manager.
[[0;32m  OK  [0m] Stopped User Manager for UID 1000.
[[0;32m  OK  [0m] Stopped Availability of block devices.
[[0;32m  OK  [0m] Stopped D-Bus System Message Bus.
[[0;32m  OK  [0m] Stopped FUSE filesystem for LXC.
[[0;32m  OK  [0m] Stopped Session 8 of user vagrant.
[[0;32m  OK  [0m] Removed slice User Slice of vagrant.
[[0;32m  OK  [0m] Removed slice system-getty.slice.
         Stopping Login Service...
[[0;32m  OK  [0m] Removed slice system-serial\x2dgetty.slice.
         Stopping Permit User Sessions...
[[0;32m  OK  [0m] Stopped LSB: automatic crash report generation.
[[0;32m  OK  [0m] Stopped LXD - container startup/shutdown.
[[0;32m  OK  [0m] Stopped Virtualbox guest utils.
[[0;32m  OK  [0m] Stopped LSB: Record successful boot for GRUB.
[[0;32m  OK  [0m] Stopped Permit User Sessions.
[[0;32m  OK  [0m] Stopped target Network.
         Stopping Network Name Resolution...
[[0;32m  OK  [0m] Stopped target Remote File Systems.
[[0;32m  OK  [0m] Stopped target Remote File Systems (Pre).
[[0;32m  OK  [0m] Stopped Network Name Resolution.
[[0;32m  OK  [0m] Stopped Login Service.
[[0;32m  OK  [0m] Stopped target Basic System.
[[0;32m  OK  [0m] Stopped target Slices.
[[0;32m  OK  [0m] Removed slice User and Session Slice.
[[0;32m  OK  [0m] Stopped target Paths.
[[0;32m  OK  [0m] Stopped ACPI Events Check.
[[0;32m  OK  [0m] Stopped target Sockets.
[[0;32m  OK  [0m] Closed UUID daemon activation socket.
[[0;32m  OK  [0m] Closed ACPID Listen Socket.
[[0;32m  OK  [0m] Closed LXD - unix socket.
[[0;32m  OK  [0m] Closed Syslog Socket.
[[0;32m  OK  [0m] Closed D-Bus System Message Bus Socket.
[[0;32m  OK  [0m] Closed Open-iSCSI iscsid Socket.
[[0;32m  OK  [0m] Closed Socket activation for snappy daemon.
[[0;32m  OK  [0m] Stopped target User and Group Name Lookups.
[[0;32m  OK  [0m] Stopped target System Initialization.
         Stopping Update UTMP about System Boot/Shutdown...
         Stopping Load/Save Random Seed...
[[0;32m  OK  [0m] Stopped Initial cloud-init job (metadata service crawler).
[[0;32m  OK  [0m] Stopped target Local Encrypted Volumes.
[[0;32m  OK  [0m] Stopped Forward Password Requests to Wall Directory Watch.
[[0;32m  OK  [0m] Stopped Dispatch Password Requests to Console Directory Watch.
[[0;32m  OK  [0m] Stopped Commit a transient machine-id on disk.
         Stopping Network Service...
[[0;32m  OK  [0m] Stopped Load/Save Random Seed.
[[0;32m  OK  [0m] Stopped Update UTMP about System Boot/Shutdown.
[[0;32m  OK  [0m] Stopped Create Volatile Files and Directories.
[[0;32m  OK  [0m] Stopped target Local File Systems.
         Unmounting /run/user/1000...
         Unmounting /vagrant...
[[0;32m  OK  [0m] Unmounted /run/user/1000.
[[0;32m  OK  [0m] Stopped Network Service.
[[0;32m  OK  [0m] Unmounted /vagrant.
[[0;32m  OK  [0m] Stopped Apply Kernel Variables.
[[0;32m  OK  [0m] Stopped Load Kernel Modules.
[[0;32m  OK  [0m] Stopped target Network (Pre).
[[0;32m  OK  [0m] Stopped Initial cloud-init job (pre-networking).
[[0;32m  OK  [0m] Reached target Unmount All Filesystems.
[[0;32m  OK  [0m] Stopped target Swap.
[[0;32m  OK  [0m] Stopped target Local File Systems (Pre).
         Stopping Monitoring of LVM2 mirrors…ng dmeventd or progress polling...
[[0;32m  OK  [0m] Stopped Remount Root and Kernel File Systems.
[[0;32m  OK  [0m] Stopped Create Static Device Nodes in /dev.
[[0;32m  OK  [0m] Reached target Shutdown.
[[0;32m  OK  [0m] Reached target Final Step.
         Starting Power-Off...
[[0;32m  OK  [0m] Stopped Monitoring of LVM2 mirrors,…sing dmeventd or progress polling.
         Stopping LVM2 metadata daemon...
[[0;32m  OK  [0m] Stopped LVM2 metadata daemon.
[ 2306.337777] reboot: Power down
